Test Start : T_Fail.vbs
==========================================================
((( [T_Fail_sub.vbs] - test_main )))
Pass.
==========================================================
((( [T_Fail_syn.vbs] - test_main )))
WSH のデバッガーがインストールされていれば、スクリプト・ファイルへのショートカットを作成、プロパティ - リンク先に、下記の /g_debug オプションを追加、ショートカットから起動すると、問題がある場所で停止します。
----------------------------------------------------------------------
"T_Fail.vbs" /g_debug:2
----------------------------------------------------------------------
[FAIL] [ERROR](1024) ステートメントがありません。 文法エラーでは、VBSファイルをダブルクリックすると問題がある場所が分かります。
 in "T_Fail_syn.vbs"
==========================================================
((( [T_Fail_run.vbs] - test_main )))
WSH のデバッガーがインストールされていれば、スクリプト・ファイルへのショートカットを作成、プロパティ - リンク先に、下記の /g_debug オプションを追加、ショートカットから起動すると、問題がある場所で停止します。
----------------------------------------------------------------------
"T_Fail.vbs" /g_debug:3
----------------------------------------------------------------------
[FAIL] [ERROR](500) この変数は宣言されていません。
 in "test_main" function in "T_Fail_run.vbs"
==========================================================
((( [T_Fail_raise.vbs] - test_main )))
WSH のデバッガーがインストールされていれば、スクリプト・ファイルへのショートカットを作成、プロパティ - リンク先に、下記の /g_debug オプションを追加、ショートカットから起動すると、問題がある場所で停止します。
----------------------------------------------------------------------
"T_Fail.vbs" /g_debug:4
----------------------------------------------------------------------
[FAIL] [ERROR](1) 未知の実行時エラーです。
 in "test_main" function in "T_Fail_raise.vbs"
==========================================================
((( [T_Pass_test1.vbs] - test_main )))
Pass.
==========================================================
Test Finish (Pass=2, Manual=0, Skip=0, Fail=3)

